<?xml version="1.0" encoding="utf-8"?><testsuites><testsuite name="pytest" errors="0" failures="0" skipped="0" tests="76" time="24.298" timestamp="2026-06-30T09:23:08.383356+09:00" hostname="raspberrypi"><testcase classname="tests.test_api" name="test_health_endpoint" time="0.156" /><testcase classname="tests.test_api" name="test_index_endpoint" time="0.048" /><testcase classname="tests.test_api" name="test_recommend_returns_200" time="0.068" /><testcase classname="tests.test_api" name="test_recommend_result_structure" time="0.162" /><testcase classname="tests.test_api" name="test_recommend_returns_one_outfit" time="0.132" /><testcase classname="tests.test_api" name="test_recommend_outfit_structure" time="0.106" /><testcase classname="tests.test_api" name="test_recommend_anchor_category_default" time="0.212" /><testcase classname="tests.test_api" name="test_recommend_response_time" time="0.191" /><testcase classname="tests.test_convert" name="test_metadata_contains_all_products" time="0.053" /><testcase classname="tests.test_convert" name="test_metadata_has_gender_field" time="0.020" /><testcase classname="tests.test_convert" name="test_metadata_gender_values_correct" time="0.020" /><testcase classname="tests.test_convert" name="test_snap_outfits_json_created" time="0.040" /><testcase classname="tests.test_convert" name="test_images_copied" time="0.064" /><testcase classname="tests.test_detection" name="test_detector_returns_dict" time="0.547" /><testcase classname="tests.test_detection" name="test_detector_crops_shape" time="0.581" /><testcase classname="tests.test_detection" name="test_detector_annotated_same_size" time="0.424" /><testcase classname="tests.test_detection" name="test_detector_no_person_blank_crops" time="0.532" /><testcase classname="tests.test_embedding" name="test_embed_output_dim" time="1.479" /><testcase classname="tests.test_embedding" name="test_embed_l2_normalized" time="1.494" /><testcase classname="tests.test_embedding" name="test_embed_inference_time" time="1.878" /><testcase classname="tests.test_embedding" name="test_embed_different_images_different_vecs" time="1.711" /><testcase classname="tests.test_pose" name="test_no_landmarks_no_trigger" time="0.076" /><testcase classname="tests.test_pose" name="test_joints_outside_zone_not_in_zone" time="0.093" /><testcase classname="tests.test_pose" name="test_trigger_after_hold" time="0.081" /><testcase classname="tests.test_pose" name="test_no_retrigger_until_reset" time="0.089" /><testcase classname="tests.test_recommender_outfit" name="test_recommend_outfit_returns_outfits_key" time="0.058" /><testcase classname="tests.test_recommender_outfit" name="test_recommend_outfit_returns_one_set" time="0.033" /><testcase classname="tests.test_recommender_outfit" name="test_recommend_outfit_set_structure" time="0.016" /><testcase classname="tests.test_recommender_outfit" name="test_recommend_outfit_products_have_required_fields" time="0.019" /><testcase classname="tests.test_recommender_outfit" name="test_recommend_outfit_bottoms_anchor_bottoms_slot_is_empty" time="0.048" /><testcase classname="tests.test_recommender_outfit" name="test_recommend_outfit_bottoms_anchor_tops_has_one_item" time="0.055" /><testcase classname="tests.test_recommender_outfit" name="test_recommend_outfit_bottoms_anchor_shoes_has_one_item" time="0.054" /><testcase classname="tests.test_recommender_outfit" name="test_recommend_outfit_bottoms_anchor_returns_bottoms_crop" time="0.035" /><testcase classname="tests.test_recommender_outfit" name="test_recommend_outfit_tops_anchor_bottoms_crop_is_none" time="0.022" /><testcase classname="tests.test_recommender_outfit" name="test_recommend_outfit_tops_anchor_bottoms_from_snap" time="0.015" /><testcase classname="tests.test_recommender_outfit" name="test_recommend_outfit_tops_anchor_shoes_from_snap" time="0.017" /><testcase classname="tests.test_recommender_outfit" name="test_recommend_outfit_tops_anchor_fallback_when_no_snap_match" time="0.090" /><testcase classname="tests.test_recommender_outfit" name="test_recommend_outfit_shoes_from_snap_lookup" time="0.020" /><testcase classname="tests.test_recommender_outfit" name="test_recommend_outfit_shoes_fallback_when_no_snap_match" time="0.011" /><testcase classname="tests.test_recommender_outfit" name="test_recommend_outfit_fallback_when_no_crop" time="0.010" /><testcase classname="tests.test_recommender_outfit" name="test_recommend_outfit_passes_gender_to_searcher" time="0.005" /><testcase classname="tests.test_recommender_outfit" name="test_recommend_outfit_no_gender_passes_none_to_searcher" time="0.004" /><testcase classname="tests.test_recommender_outfit" name="test_shoes_from_snap_gender_filter" time="0.007" /><testcase classname="tests.test_recommender_outfit" name="test_shoes_from_snap_returns_empty_when_no_match" time="0.015" /><testcase classname="tests.test_reranking" name="test_rerank_top_n" time="0.037" /><testcase classname="tests.test_reranking" name="test_rerank_text_changes_order" time="0.016" /><testcase classname="tests.test_reranking" name="test_rerank_final_score_fields" time="0.002" /><testcase classname="tests.test_reranking" name="test_color_compat_achromatic" time="0.001" /><testcase classname="tests.test_reranking" name="test_color_compat_analogous" time="0.002" /><testcase classname="tests.test_search" name="test_palette_extraction" time="0.046" /><testcase classname="tests.test_search" name="test_palette_single_color" time="0.006" /><testcase classname="tests.test_search" name="test_search_returns_list" time="0.246" /><testcase classname="tests.test_search" name="test_search_result_fields" time="0.007" /><testcase classname="tests.test_search" name="test_search_latency" time="0.006" /><testcase classname="tests.test_search" name="test_search_category_filter" time="0.006" /><testcase classname="tests.test_search" name="test_search_gender_filter" time="0.030" /><testcase classname="tests.test_stream" name="test_detection_feed_status_200" time="0.034" /><testcase classname="tests.test_stream" name="test_detection_feed_content_type" time="0.030" /><testcase classname="tests.test_stream" name="test_detection_feed_yields_frame_chunk" time="0.021" /><testcase classname="tests.test_text_encoding" name="test_encode_output_dim" time="8.913" /><testcase classname="tests.test_text_encoding" name="test_encode_l2_normalized" time="0.650" /><testcase classname="tests.test_text_encoding" name="test_encode_different_texts_different_vecs" time="1.133" /><testcase classname="tests.test_text_encoding" name="test_encode_similar_texts_high_cosine" time="1.088" /><testcase classname="tests.test_tryon_ondevice" name="test_upload_frame_writes_jpeg" time="0.029" /><testcase classname="tests.test_tryon_ondevice" name="test_upload_frame_converts_bgr_to_rgb" time="0.021" /><testcase classname="tests.test_tryon_ondevice" name="test_fetch_b64_local_path_roundtrips" time="0.017" /><testcase classname="tests.test_tryon_ondevice" name="test_garment_description_uses_style_text" time="0.016" /><testcase classname="tests.test_tryon_ondevice" name="test_garment_description_falls_back_to_name" time="0.010" /><testcase classname="tests.test_tryon_ondevice" name="test_garment_description_default_when_missing_file" time="0.007" /><testcase classname="tests.test_tryon_ondevice" name="test_garment_description_default_when_no_match" time="0.016" /><testcase classname="tests.test_tryon_ondevice" name="test_build_single_data_lays_out_pair" time="0.035" /><testcase classname="tests.test_tryon_ondevice" name="test_tryon_one_returns_output_path" time="0.008" /><testcase classname="tests.test_tryon_ondevice" name="test_tryon_one_raises_when_no_output" time="0.003" /><testcase classname="tests.test_tryon_ondevice" name="test_run_tryon_stream_chains_top_then_bottom" time="0.001" /><testcase classname="tests.test_tryon_ondevice" name="test_run_tryon_stream_top_only" time="0.001" /><testcase classname="tests.test_tryon_ondevice" name="test_run_tryon_stream_no_garment_yields_nothing" time="0.001" /></testsuite></testsuites>